{"C:\\Users\\Andy\\Desktop\\cumulative-delta\\src\\factory\\APIFactory.ts": {"path":"C:\\Users\\Andy\\Desktop\\cumulative-delta\\src\\factory\\APIFactory.ts","statementMap":{"0":{"start":{"line":2,"column":0},"end":{"line":2,"column":59}},"1":{"start":{"line":7,"column":4},"end":{"line":15,"column":null}},"2":{"start":{"line":9,"column":8},"end":{"line":9,"column":35}},"3":{"start":{"line":14,"column":8},"end":{"line":14,"column":61}},"4":{"start":{"line":5,"column":0},"end":{"line":5,"column":13}}},"fnMap":{"0":{"name":"(anonymous_0)","decl":{"start":{"line":6,"column":2},"end":{"line":6,"column":8}},"loc":{"start":{"line":6,"column":47},"end":{"line":16,"column":3}}}},"branchMap":{"0":{"loc":{"start":{"line":7,"column":4},"end":{"line":15,"column":null}},"type":"switch","locations":[{"start":{"line":8,"column":6},"end":{"line":9,"column":35}},{"start":{"line":13,"column":6},"end":{"line":14,"column":61}}]}},"s":{"0":2,"1":2,"2":1,"3":1,"4":2},"f":{"0":2},"b":{"0":[1,1]}}
,"C:\\Users\\Andy\\Desktop\\cumulative-delta\\src\\factory\\exchanges\\KucoinExchange.ts": {"path":"C:\\Users\\Andy\\Desktop\\cumulative-delta\\src\\factory\\exchanges\\KucoinExchange.ts","statementMap":{"0":{"start":{"line":1,"column":0},"end":{"line":1,"column":26}},"1":{"start":{"line":4,"column":16},"end":{"line":4,"column":40}},"2":{"start":{"line":11,"column":21},"end":{"line":11,"column":65}},"3":{"start":{"line":12,"column":4},"end":{"line":18,"column":8}},"4":{"start":{"line":12,"column":64},"end":{"line":18,"column":6}},"5":{"start":{"line":22,"column":21},"end":{"line":22,"column":91}},"6":{"start":{"line":23,"column":4},"end":{"line":29,"column":8}},"7":{"start":{"line":23,"column":70},"end":{"line":29,"column":6}},"8":{"start":{"line":33,"column":25},"end":{"line":33,"column":59}},"9":{"start":{"line":34,"column":26},"end":{"line":34,"column":27}},"10":{"start":{"line":35,"column":4},"end":{"line":37,"column":7}},"11":{"start":{"line":36,"column":6},"end":{"line":36,"column":77}},"12":{"start":{"line":39,"column":4},"end":{"line":39,"column":27}},"13":{"start":{"line":6,"column":0},"end":{"line":6,"column":13}}},"fnMap":{"0":{"name":"(anonymous_8)","decl":{"start":{"line":7,"column":2},"end":{"line":7,"column":null}},"loc":{"start":{"line":7,"column":2},"end":{"line":8,"column":3}}},"1":{"name":"(anonymous_9)","decl":{"start":{"line":10,"column":8},"end":{"line":10,"column":18}},"loc":{"start":{"line":10,"column":18},"end":{"line":19,"column":null}}},"2":{"name":"(anonymous_11)","decl":{"start":{"line":12,"column":34},"end":{"line":12,"column":35}},"loc":{"start":{"line":12,"column":64},"end":{"line":18,"column":6}}},"3":{"name":"(anonymous_12)","decl":{"start":{"line":21,"column":8},"end":{"line":21,"column":23}},"loc":{"start":{"line":21,"column":38},"end":{"line":30,"column":null}}},"4":{"name":"(anonymous_14)","decl":{"start":{"line":23,"column":34},"end":{"line":23,"column":35}},"loc":{"start":{"line":23,"column":70},"end":{"line":29,"column":6}}},"5":{"name":"(anonymous_15)","decl":{"start":{"line":32,"column":8},"end":{"line":32,"column":26}},"loc":{"start":{"line":32,"column":41},"end":{"line":40,"column":null}}},"6":{"name":"(anonymous_17)","decl":{"start":{"line":35,"column":25},"end":{"line":35,"column":30}},"loc":{"start":{"line":35,"column":33},"end":{"line":37,"column":5}}}},"branchMap":{"0":{"loc":{"start":{"line":36,"column":25},"end":{"line":36,"column":76}},"type":"cond-expr","locations":[{"start":{"line":36,"column":48},"end":{"line":36,"column":60}},{"start":{"line":36,"column":63},"end":{"line":36,"column":76}}]}},"s":{"0":3,"1":3,"2":1,"3":1,"4":0,"5":2,"6":2,"7":1,"8":1,"9":1,"10":1,"11":1,"12":1,"13":3},"f":{"0":4,"1":1,"2":0,"3":2,"4":1,"5":1,"6":1},"b":{"0":[1,0]}}
,"C:\\Users\\Andy\\Desktop\\cumulative-delta\\src\\routes\\exchangeRoutes.ts": {"path":"C:\\Users\\Andy\\Desktop\\cumulative-delta\\src\\routes\\exchangeRoutes.ts","statementMap":{"0":{"start":{"line":1,"column":0},"end":{"line":1,"column":30}},"1":{"start":{"line":2,"column":0},"end":{"line":2,"column":50}},"2":{"start":{"line":4,"column":15},"end":{"line":4,"column":31}},"3":{"start":{"line":27,"column":0},"end":{"line":35,"column":3}},"4":{"start":{"line":27,"column":52},"end":{"line":35,"column":2}},"5":{"start":{"line":28,"column":2},"end":{"line":34,"column":null}},"6":{"start":{"line":29,"column":28},"end":{"line":29,"column":80}},"7":{"start":{"line":30,"column":20},"end":{"line":30,"column":54}},"8":{"start":{"line":31,"column":4},"end":{"line":31,"column":22}},"9":{"start":{"line":33,"column":4},"end":{"line":33,"column":40}},"10":{"start":{"line":63,"column":0},"end":{"line":71,"column":3}},"11":{"start":{"line":63,"column":66},"end":{"line":71,"column":2}},"12":{"start":{"line":64,"column":2},"end":{"line":70,"column":null}},"13":{"start":{"line":65,"column":28},"end":{"line":65,"column":80}},"14":{"start":{"line":66,"column":25},"end":{"line":66,"column":81}},"15":{"start":{"line":67,"column":4},"end":{"line":67,"column":27}},"16":{"start":{"line":69,"column":4},"end":{"line":69,"column":40}},"17":{"start":{"line":97,"column":0},"end":{"line":105,"column":3}},"18":{"start":{"line":97,"column":69},"end":{"line":105,"column":2}},"19":{"start":{"line":98,"column":2},"end":{"line":104,"column":null}},"20":{"start":{"line":99,"column":28},"end":{"line":99,"column":80}},"21":{"start":{"line":100,"column":28},"end":{"line":100,"column":87}},"22":{"start":{"line":101,"column":4},"end":{"line":101,"column":34}},"23":{"start":{"line":103,"column":4},"end":{"line":103,"column":40}},"24":{"start":{"line":107,"column":0},"end":{"line":107,"column":22}}},"fnMap":{"0":{"name":"(anonymous_8)","decl":{"start":{"line":27,"column":33},"end":{"line":27,"column":40}},"loc":{"start":{"line":27,"column":52},"end":{"line":35,"column":2}}},"1":{"name":"(anonymous_9)","decl":{"start":{"line":27,"column":52},"end":{"line":27,"column":null}},"loc":{"start":{"line":27,"column":52},"end":{"line":35,"column":1}}},"2":{"name":"(anonymous_10)","decl":{"start":{"line":63,"column":47},"end":{"line":63,"column":54}},"loc":{"start":{"line":63,"column":66},"end":{"line":71,"column":2}}},"3":{"name":"(anonymous_11)","decl":{"start":{"line":63,"column":66},"end":{"line":63,"column":null}},"loc":{"start":{"line":63,"column":66},"end":{"line":71,"column":1}}},"4":{"name":"(anonymous_12)","decl":{"start":{"line":97,"column":50},"end":{"line":97,"column":57}},"loc":{"start":{"line":97,"column":69},"end":{"line":105,"column":2}}},"5":{"name":"(anonymous_13)","decl":{"start":{"line":97,"column":69},"end":{"line":97,"column":null}},"loc":{"start":{"line":97,"column":69},"end":{"line":105,"column":1}}}},"branchMap":{},"s":{"0":1,"1":1,"2":1,"3":1,"4":1,"5":1,"6":1,"7":1,"8":1,"9":0,"10":1,"11":1,"12":1,"13":1,"14":1,"15":1,"16":0,"17":1,"18":1,"19":1,"20":1,"21":1,"22":1,"23":0,"24":1},"f":{"0":1,"1":1,"2":1,"3":1,"4":1,"5":1},"b":{}}
}
