{"C:\\Users\\Andy\\Desktop\\cumulative-delta\\src\\index.ts": {"path":"C:\\Users\\Andy\\Desktop\\cumulative-delta\\src\\index.ts","statementMap":{"0":{"start":{"line":1,"column":0},"end":{"line":1,"column":30}},"1":{"start":{"line":2,"column":0},"end":{"line":2,"column":53}},"2":{"start":{"line":3,"column":0},"end":{"line":3,"column":33}},"3":{"start":{"line":5,"column":0},"end":{"line":5,"column":16}},"4":{"start":{"line":7,"column":12},"end":{"line":7,"column":21}},"5":{"start":{"line":8,"column":13},"end":{"line":8,"column":37}},"6":{"start":{"line":12,"column":0},"end":{"line":12,"column":24}},"7":{"start":{"line":15,"column":0},"end":{"line":15,"column":37}},"8":{"start":{"line":18,"column":0},"end":{"line":21,"column":3}},"9":{"start":{"line":19,"column":2},"end":{"line":19,"column":27}},"10":{"start":{"line":20,"column":2},"end":{"line":20,"column":43}},"11":{"start":{"line":23,"column":0},"end":{"line":25,"column":3}},"12":{"start":{"line":24,"column":2},"end":{"line":24,"column":51}},"13":{"start":{"line":28,"column":0},"end":{"line":28,"column":19}}},"fnMap":{"0":{"name":"(anonymous_7)","decl":{"start":{"line":18,"column":8},"end":{"line":18,"column":9}},"loc":{"start":{"line":18,"column":96},"end":{"line":21,"column":1}}},"1":{"name":"(anonymous_8)","decl":{"start":{"line":23,"column":17},"end":{"line":23,"column":20}},"loc":{"start":{"line":23,"column":22},"end":{"line":25,"column":1}}}},"branchMap":{"0":{"loc":{"start":{"line":8,"column":13},"end":{"line":8,"column":37}},"type":"binary-expr","locations":[{"start":{"line":8,"column":13},"end":{"line":8,"column":29}},{"start":{"line":8,"column":33},"end":{"line":8,"column":37}}]}},"s":{"0":1,"1":1,"2":1,"3":1,"4":1,"5":1,"6":1,"7":1,"8":1,"9":0,"10":0,"11":1,"12":1,"13":1},"f":{"0":0,"1":1},"b":{"0":[1,0]}}
,"C:\\Users\\Andy\\Desktop\\cumulative-delta\\src\\controllers\\exchangeController.ts": {"path":"C:\\Users\\Andy\\Desktop\\cumulative-delta\\src\\controllers\\exchangeController.ts","statementMap":{"0":{"start":{"line":3,"column":0},"end":{"line":3,"column":52}},"1":{"start":{"line":4,"column":0},"end":{"line":4,"column":33}},"2":{"start":{"line":8,"column":9},"end":{"line":8,"column":27}},"3":{"start":{"line":20,"column":2},"end":{"line":24,"column":4}},"4":{"start":{"line":20,"column":53},"end":{"line":24,"column":4}},"5":{"start":{"line":21,"column":28},"end":{"line":21,"column":86}},"6":{"start":{"line":22,"column":20},"end":{"line":22,"column":54}},"7":{"start":{"line":23,"column":4},"end":{"line":23,"column":22}},"8":{"start":{"line":26,"column":2},"end":{"line":30,"column":4}},"9":{"start":{"line":26,"column":78},"end":{"line":30,"column":4}},"10":{"start":{"line":27,"column":28},"end":{"line":27,"column":86}},"11":{"start":{"line":28,"column":25},"end":{"line":28,"column":81}},"12":{"start":{"line":29,"column":4},"end":{"line":29,"column":27}},"13":{"start":{"line":32,"column":2},"end":{"line":36,"column":4}},"14":{"start":{"line":32,"column":81},"end":{"line":36,"column":4}},"15":{"start":{"line":33,"column":28},"end":{"line":33,"column":86}},"16":{"start":{"line":34,"column":28},"end":{"line":34,"column":87}},"17":{"start":{"line":35,"column":4},"end":{"line":35,"column":34}},"18":{"start":{"line":11,"column":4},"end":{"line":11,"column":39}},"19":{"start":{"line":15,"column":4},"end":{"line":15,"column":59}},"20":{"start":{"line":16,"column":4},"end":{"line":16,"column":78}},"21":{"start":{"line":17,"column":4},"end":{"line":17,"column":84}},"22":{"start":{"line":6,"column":0},"end":{"line":6,"column":13}}},"fnMap":{"0":{"name":"(anonymous_7)","decl":{"start":{"line":10,"column":2},"end":{"line":10,"column":null}},"loc":{"start":{"line":10,"column":2},"end":{"line":12,"column":3}}},"1":{"name":"(anonymous_8)","decl":{"start":{"line":20,"column":15},"end":{"line":20,"column":22}},"loc":{"start":{"line":20,"column":53},"end":{"line":24,"column":4}}},"2":{"name":"(anonymous_9)","decl":{"start":{"line":20,"column":53},"end":{"line":20,"column":null}},"loc":{"start":{"line":20,"column":53},"end":{"line":24,"column":3}}},"3":{"name":"(anonymous_10)","decl":{"start":{"line":26,"column":20},"end":{"line":26,"column":27}},"loc":{"start":{"line":26,"column":78},"end":{"line":30,"column":4}}},"4":{"name":"(anonymous_11)","decl":{"start":{"line":26,"column":78},"end":{"line":26,"column":null}},"loc":{"start":{"line":26,"column":78},"end":{"line":30,"column":3}}},"5":{"name":"(anonymous_12)","decl":{"start":{"line":32,"column":23},"end":{"line":32,"column":30}},"loc":{"start":{"line":32,"column":81},"end":{"line":36,"column":4}}},"6":{"name":"(anonymous_13)","decl":{"start":{"line":32,"column":81},"end":{"line":32,"column":null}},"loc":{"start":{"line":32,"column":81},"end":{"line":36,"column":3}}},"7":{"name":"(anonymous_14)","decl":{"start":{"line":14,"column":10},"end":{"line":14,"column":26}},"loc":{"start":{"line":14,"column":26},"end":{"line":18,"column":3}}}},"branchMap":{},"s":{"0":2,"1":2,"2":4,"3":4,"4":2,"5":2,"6":2,"7":2,"8":4,"9":2,"10":2,"11":2,"12":2,"13":4,"14":2,"15":2,"16":2,"17":2,"18":4,"19":0,"20":0,"21":0,"22":2},"f":{"0":4,"1":2,"2":2,"3":2,"4":2,"5":2,"6":2,"7":0},"b":{}}
,"C:\\Users\\Andy\\Desktop\\cumulative-delta\\src\\routes\\exchangeRoutes.ts": {"path":"C:\\Users\\Andy\\Desktop\\cumulative-delta\\src\\routes\\exchangeRoutes.ts","statementMap":{"0":{"start":{"line":1,"column":0},"end":{"line":1,"column":33}},"1":{"start":{"line":2,"column":0},"end":{"line":2,"column":71}},"2":{"start":{"line":4,"column":15},"end":{"line":4,"column":23}},"3":{"start":{"line":5,"column":27},"end":{"line":5,"column":51}},"4":{"start":{"line":8,"column":0},"end":{"line":8,"column":64}},"5":{"start":{"line":11,"column":0},"end":{"line":11,"column":83}},"6":{"start":{"line":14,"column":0},"end":{"line":14,"column":89}},"7":{"start":{"line":16,"column":0},"end":{"line":16,"column":22}}},"fnMap":{},"branchMap":{},"s":{"0":1,"1":1,"2":1,"3":1,"4":1,"5":1,"6":1,"7":1},"f":{},"b":{}}
,"C:\\Users\\Andy\\Desktop\\cumulative-delta\\src\\services\\apiFactory.ts": {"path":"C:\\Users\\Andy\\Desktop\\cumulative-delta\\src\\services\\apiFactory.ts","statementMap":{"0":{"start":{"line":2,"column":0},"end":{"line":2,"column":55}},"1":{"start":{"line":6,"column":4},"end":{"line":12,"column":null}},"2":{"start":{"line":8,"column":8},"end":{"line":8,"column":35}},"3":{"start":{"line":11,"column":8},"end":{"line":11,"column":66}},"4":{"start":{"line":4,"column":0},"end":{"line":4,"column":13}}},"fnMap":{"0":{"name":"(anonymous_0)","decl":{"start":{"line":5,"column":2},"end":{"line":5,"column":23}},"loc":{"start":{"line":5,"column":40},"end":{"line":13,"column":3}}}},"branchMap":{"0":{"loc":{"start":{"line":6,"column":4},"end":{"line":12,"column":null}},"type":"switch","locations":[{"start":{"line":7,"column":6},"end":{"line":8,"column":35}},{"start":{"line":10,"column":6},"end":{"line":11,"column":66}}]}},"s":{"0":3,"1":5,"2":4,"3":1,"4":3},"f":{"0":5},"b":{"0":[4,1]}}
,"C:\\Users\\Andy\\Desktop\\cumulative-delta\\src\\services\\kucoin\\kucoinService.ts": {"path":"C:\\Users\\Andy\\Desktop\\cumulative-delta\\src\\services\\kucoin\\kucoinService.ts","statementMap":{"0":{"start":{"line":1,"column":0},"end":{"line":1,"column":26}},"1":{"start":{"line":4,"column":16},"end":{"line":4,"column":40}},"2":{"start":{"line":11,"column":21},"end":{"line":11,"column":65}},"3":{"start":{"line":12,"column":4},"end":{"line":18,"column":8}},"4":{"start":{"line":12,"column":64},"end":{"line":18,"column":6}},"5":{"start":{"line":22,"column":21},"end":{"line":22,"column":91}},"6":{"start":{"line":23,"column":4},"end":{"line":29,"column":8}},"7":{"start":{"line":23,"column":70},"end":{"line":29,"column":6}},"8":{"start":{"line":33,"column":25},"end":{"line":33,"column":59}},"9":{"start":{"line":34,"column":26},"end":{"line":34,"column":27}},"10":{"start":{"line":35,"column":4},"end":{"line":37,"column":7}},"11":{"start":{"line":36,"column":6},"end":{"line":36,"column":77}},"12":{"start":{"line":39,"column":4},"end":{"line":39,"column":27}},"13":{"start":{"line":6,"column":0},"end":{"line":6,"column":13}}},"fnMap":{"0":{"name":"(anonymous_8)","decl":{"start":{"line":7,"column":2},"end":{"line":7,"column":null}},"loc":{"start":{"line":7,"column":2},"end":{"line":8,"column":3}}},"1":{"name":"(anonymous_9)","decl":{"start":{"line":10,"column":8},"end":{"line":10,"column":18}},"loc":{"start":{"line":10,"column":18},"end":{"line":19,"column":null}}},"2":{"name":"(anonymous_11)","decl":{"start":{"line":12,"column":34},"end":{"line":12,"column":35}},"loc":{"start":{"line":12,"column":64},"end":{"line":18,"column":6}}},"3":{"name":"(anonymous_12)","decl":{"start":{"line":21,"column":8},"end":{"line":21,"column":23}},"loc":{"start":{"line":21,"column":38},"end":{"line":30,"column":null}}},"4":{"name":"(anonymous_14)","decl":{"start":{"line":23,"column":34},"end":{"line":23,"column":35}},"loc":{"start":{"line":23,"column":70},"end":{"line":29,"column":6}}},"5":{"name":"(anonymous_15)","decl":{"start":{"line":32,"column":8},"end":{"line":32,"column":26}},"loc":{"start":{"line":32,"column":41},"end":{"line":40,"column":null}}},"6":{"name":"(anonymous_17)","decl":{"start":{"line":35,"column":25},"end":{"line":35,"column":30}},"loc":{"start":{"line":35,"column":33},"end":{"line":37,"column":5}}}},"branchMap":{"0":{"loc":{"start":{"line":36,"column":25},"end":{"line":36,"column":76}},"type":"cond-expr","locations":[{"start":{"line":36,"column":48},"end":{"line":36,"column":60}},{"start":{"line":36,"column":63},"end":{"line":36,"column":76}}]}},"s":{"0":4,"1":4,"2":2,"3":2,"4":2494,"5":4,"6":4,"7":400,"8":2,"9":2,"10":2,"11":200,"12":2,"13":4},"f":{"0":7,"1":2,"2":2494,"3":4,"4":400,"5":2,"6":200},"b":{"0":[161,39]}}
}
