TN:
SF:src\index.ts
FN:18,(anonymous_7)
FN:23,(anonymous_8)
FNF:2
FNH:1
FNDA:0,(anonymous_7)
FNDA:1,(anonymous_8)
DA:1,1
DA:2,1
DA:3,1
DA:5,1
DA:7,1
DA:8,1
DA:12,1
DA:15,1
DA:18,1
DA:19,0
DA:20,0
DA:23,1
DA:24,1
DA:28,1
LF:14
LH:12
BRDA:8,0,0,1
BRDA:8,0,1,0
BRF:2
BRH:1
end_of_record
TN:
SF:src\controllers\exchangeController.ts
FN:10,(anonymous_7)
FN:20,(anonymous_8)
FN:20,(anonymous_9)
FN:26,(anonymous_10)
FN:26,(anonymous_11)
FN:32,(anonymous_12)
FN:32,(anonymous_13)
FN:14,(anonymous_14)
FNF:8
FNH:7
FNDA:4,(anonymous_7)
FNDA:2,(anonymous_8)
FNDA:2,(anonymous_9)
FNDA:2,(anonymous_10)
FNDA:2,(anonymous_11)
FNDA:2,(anonymous_12)
FNDA:2,(anonymous_13)
FNDA:0,(anonymous_14)
DA:3,2
DA:4,2
DA:6,2
DA:8,4
DA:11,4
DA:15,0
DA:16,0
DA:17,0
DA:20,4
DA:21,2
DA:22,2
DA:23,2
DA:26,4
DA:27,2
DA:28,2
DA:29,2
DA:32,4
DA:33,2
DA:34,2
DA:35,2
LF:20
LH:17
BRF:0
BRH:0
end_of_record
TN:
SF:src\routes\exchangeRoutes.ts
FNF:0
FNH:0
DA:1,1
DA:2,1
DA:4,1
DA:5,1
DA:8,1
DA:11,1
DA:14,1
DA:16,1
LF:8
LH:8
BRF:0
BRH:0
end_of_record
TN:
SF:src\services\apiFactory.ts
FN:5,(anonymous_0)
FNF:1
FNH:1
FNDA:5,(anonymous_0)
DA:2,3
DA:4,3
DA:6,5
DA:8,4
DA:11,1
LF:5
LH:5
BRDA:6,0,0,4
BRDA:6,0,1,1
BRF:2
BRH:2
end_of_record
TN:
SF:src\services\kucoin\kucoinService.ts
FN:7,(anonymous_8)
FN:10,(anonymous_9)
FN:12,(anonymous_11)
FN:21,(anonymous_12)
FN:23,(anonymous_14)
FN:32,(anonymous_15)
FN:35,(anonymous_17)
FNF:7
FNH:7
FNDA:7,(anonymous_8)
FNDA:2,(anonymous_9)
FNDA:2494,(anonymous_11)
FNDA:4,(anonymous_12)
FNDA:400,(anonymous_14)
FNDA:2,(anonymous_15)
FNDA:200,(anonymous_17)
DA:1,4
DA:4,4
DA:6,4
DA:11,2
DA:12,2494
DA:22,4
DA:23,400
DA:33,2
DA:34,2
DA:35,2
DA:36,200
DA:39,2
LF:12
LH:12
BRDA:36,0,0,161
BRDA:36,0,1,39
BRF:2
BRH:2
end_of_record
