TN:
SF:src\factory\APIFactory.ts
FN:6,(anonymous_0)
FNF:1
FNH:1
FNDA:2,(anonymous_0)
DA:2,2
DA:5,2
DA:7,2
DA:9,1
DA:14,1
LF:5
LH:5
BRDA:7,0,0,1
BRDA:7,0,1,1
BRF:2
BRH:2
end_of_record
TN:
SF:src\factory\exchanges\KucoinExchange.ts
FN:7,(anonymous_8)
FN:10,(anonymous_9)
FN:12,(anonymous_11)
FN:21,(anonymous_12)
FN:23,(anonymous_14)
FN:32,(anonymous_15)
FN:35,(anonymous_17)
FNF:7
FNH:6
FNDA:4,(anonymous_8)
FNDA:1,(anonymous_9)
FNDA:0,(anonymous_11)
FNDA:2,(anonymous_12)
FNDA:1,(anonymous_14)
FNDA:1,(anonymous_15)
FNDA:1,(anonymous_17)
DA:1,3
DA:4,3
DA:6,3
DA:11,1
DA:12,1
DA:22,2
DA:23,2
DA:33,1
DA:34,1
DA:35,1
DA:36,1
DA:39,1
LF:12
LH:12
BRDA:36,0,0,1
BRDA:36,0,1,0
BRF:2
BRH:1
end_of_record
TN:
SF:src\routes\exchangeRoutes.ts
FN:27,(anonymous_8)
FN:27,(anonymous_9)
FN:63,(anonymous_10)
FN:63,(anonymous_11)
FN:97,(anonymous_12)
FN:97,(anonymous_13)
FNF:6
FNH:6
FNDA:1,(anonymous_8)
FNDA:1,(anonymous_9)
FNDA:1,(anonymous_10)
FNDA:1,(anonymous_11)
FNDA:1,(anonymous_12)
FNDA:1,(anonymous_13)
DA:1,1
DA:2,1
DA:4,1
DA:27,1
DA:28,1
DA:29,1
DA:30,1
DA:31,1
DA:33,0
DA:63,1
DA:64,1
DA:65,1
DA:66,1
DA:67,1
DA:69,0
DA:97,1
DA:98,1
DA:99,1
DA:100,1
DA:101,1
DA:103,0
DA:107,1
LF:22
LH:19
BRF:0
BRH:0
end_of_record
